13:21:29[restartedMain] INFO  xyz.soulspace.cinder.CinderApplication - Starting CinderApplication using Java 11.0.13 on soulspace-Legion-Y7000P-2019 with PID 41054 (/home/soulspace/Documents/GitHub/LiSoulSpace/CinderBot/build/classes/java/main started by soulspace in /home/soulspace/Documents/GitHub/LiSoulSpace/CinderBot)
13:21:29[restartedMain] INFO  xyz.soulspace.cinder.CinderApplication - No active profile set, falling back to default profiles: default
13:21:29[restartedMain] INFO  o.s.b.d.env.DevToolsPropertyDefaultsPostProcessor - Devtools property defaults active! Set 'spring.devtools.add-properties' to 'false' to disable
13:21:29[restartedMain] INFO  o.s.b.d.env.DevToolsPropertyDefaultsPostProcessor - For additional web related logging consider setting the 'logging.level.web' property to 'DEBUG'
13:21:30[restartedMain] INFO  o.s.boot.web.embedded.tomcat.TomcatWebServer - Tomcat initialized with port(s): 8085 (http)
13:21:30[restartedMain] INFO  org.apache.coyote.http11.Http11NioProtocol - Initializing ProtocolHandler ["http-nio-8085"]
13:21:30[restartedMain] INFO  org.apache.catalina.core.StandardService - Starting service [Tomcat]
13:21:30[restartedMain] INFO  org.apache.catalina.core.StandardEngine - Starting Servlet engine: [Apache Tomcat/9.0.56]
13:21:30[restartedMain] INFO  o.a.c.core.ContainerBase.[Tomcat].[localhost].[/] - Initializing Spring embedded WebApplicationContext
13:21:30[restartedMain] INFO  o.s.b.w.s.c.ServletWebServerApplicationContext - Root WebApplicationContext: initialization completed in 963 ms
13:21:31[restartedMain] INFO  o.s.b.a.s.s.UserDetailsServiceAutoConfiguration - 

Using generated security password: 45e47190-d1a2-4dc9-99a6-b42e9fd14640

13:21:31[restartedMain] INFO  o.s.security.web.DefaultSecurityFilterChain - Will secure any request with [org.springframework.security.web.context.request.async.WebAsyncManagerIntegrationFilter@5277354, org.springframework.security.web.context.SecurityContextPersistenceFilter@447f6cd6, org.springframework.security.web.header.HeaderWriterFilter@6a8c217a, org.springframework.security.web.csrf.CsrfFilter@6523e44f, org.springframework.security.web.authentication.logout.LogoutFilter@224b6261, org.springframework.security.web.authentication.UsernamePasswordAuthenticationFilter@ea5cae9, org.springframework.security.web.authentication.ui.DefaultLoginPageGeneratingFilter@4b962be5, org.springframework.security.web.authentication.ui.DefaultLogoutPageGeneratingFilter@2a570621, org.springframework.security.web.authentication.www.BasicAuthenticationFilter@531486c4, org.springframework.security.web.savedrequest.RequestCacheAwareFilter@6be9ebcf, org.springframework.security.web.servletapi.SecurityContextHolderAwareRequestFilter@3cd0039a, org.springframework.security.web.authentication.AnonymousAuthenticationFilter@5d829709, org.springframework.security.web.session.SessionManagementFilter@61597927, org.springframework.security.web.access.ExceptionTranslationFilter@16d8cadf, org.springframework.security.web.access.intercept.FilterSecurityInterceptor@2689c08a]
13:21:31[restartedMain] INFO  o.s.b.d.autoconfigure.OptionalLiveReloadServer - LiveReload server is running on port 35729
13:21:31[restartedMain] INFO  org.apache.coyote.http11.Http11NioProtocol - Starting ProtocolHandler ["http-nio-8085"]
13:21:31[restartedMain] INFO  o.s.boot.web.embedded.tomcat.TomcatWebServer - Tomcat started on port(s): 8085 (http) with context path ''
13:21:31[restartedMain] INFO  xyz.soulspace.cinder.CinderApplication - Started CinderApplication in 1.829 seconds (JVM running for 2.524)
13:21:54[DefaultDispatcher-worker-2] INFO  xyz.soulspace.cinder.event.MessageEvents - {接收到其他消息} userId:3313445307,userNick:soulspace,msg:[mirai:source:[1980],[989829371]]#baidu
13:21:54[DefaultDispatcher-worker-2] INFO  xyz.soulspace.cinder.event.MessageEvents - {接收到好友消息} userId:3313445307,userNick:soulspace,msg:[mirai:source:[1980],[989829371]]#baidu
13:22:06[DefaultDispatcher-worker-2] INFO  xyz.soulspace.cinder.event.MessageEvents - {接收到其他消息} userId:3313445307,userNick:soulspace,msg:[mirai:source:[1982],[470003175]]#weibo
13:22:06[DefaultDispatcher-worker-2] INFO  xyz.soulspace.cinder.event.MessageEvents - {接收到好友消息} userId:3313445307,userNick:soulspace,msg:[mirai:source:[1982],[470003175]]#weibo
13:22:19[DefaultDispatcher-worker-2] INFO  xyz.soulspace.cinder.event.MessageEvents - {接收到其他消息} userId:3313445307,userNick:soulspace,msg:[mirai:source:[1983],[1838311976]]#zhihu
13:22:19[DefaultDispatcher-worker-2] INFO  x.s.cinder.command.everywhere.ZhiHuNewsCommand - new ZhiHu Command start
13:22:19[DefaultDispatcher-worker-2] INFO  xyz.soulspace.cinder.service.HotPointNewsService - dataPath : data
13:22:19[DefaultDispatcher-worker-2] INFO  xyz.soulspace.cinder.service.HotPointNewsService - data/python-files/ZhiHuHotSearch.py
13:22:19[DefaultDispatcher-worker-2] INFO  xyz.soulspace.cinder.utils.RunPythonUtil - Run python Command : python3 data/python-files/ZhiHuHotSearch.py
13:22:21[DefaultDispatcher-worker-2] INFO  xyz.soulspace.cinder.utils.RunPythonUtil - null
13:22:21[DefaultDispatcher-worker-2] INFO  xyz.soulspace.cinder.service.HotPointNewsService - Get ZhiHu Hot Point!
13:22:24[DefaultDispatcher-worker-2] INFO  x.s.cinder.command.everywhere.ZhiHuNewsCommand - messageChain : [mirai:image:{AED83204-A36E-40D1-1C18-A3C112951DB4}.png]
13:22:25[DefaultDispatcher-worker-2] INFO  xyz.soulspace.cinder.event.MessageEvents - {接收到好友消息} userId:3313445307,userNick:soulspace,msg:[mirai:source:[1983],[1838311976]]#zhihu
13:24:07[SpringApplicationShutdownHook] INFO  com.alibaba.druid.pool.DruidDataSource - {dataSource-0} closing ...
13:24:11[restartedMain] INFO  xyz.soulspace.cinder.CinderApplication - Starting CinderApplication using Java 11.0.13 on soulspace-Legion-Y7000P-2019 with PID 42955 (/home/soulspace/Documents/GitHub/LiSoulSpace/CinderBot/build/classes/java/main started by soulspace in /home/soulspace/Documents/GitHub/LiSoulSpace/CinderBot)
13:24:11[restartedMain] INFO  xyz.soulspace.cinder.CinderApplication - No active profile set, falling back to default profiles: default
13:24:11[restartedMain] INFO  o.s.b.d.env.DevToolsPropertyDefaultsPostProcessor - Devtools property defaults active! Set 'spring.devtools.add-properties' to 'false' to disable
13:24:11[restartedMain] INFO  o.s.b.d.env.DevToolsPropertyDefaultsPostProcessor - For additional web related logging consider setting the 'logging.level.web' property to 'DEBUG'
13:24:12[restartedMain] INFO  o.s.boot.web.embedded.tomcat.TomcatWebServer - Tomcat initialized with port(s): 8085 (http)
13:24:12[restartedMain] INFO  org.apache.coyote.http11.Http11NioProtocol - Initializing ProtocolHandler ["http-nio-8085"]
13:24:12[restartedMain] INFO  org.apache.catalina.core.StandardService - Starting service [Tomcat]
13:24:12[restartedMain] INFO  org.apache.catalina.core.StandardEngine - Starting Servlet engine: [Apache Tomcat/9.0.56]
13:24:12[restartedMain] INFO  o.a.c.core.ContainerBase.[Tomcat].[localhost].[/] - Initializing Spring embedded WebApplicationContext
13:24:12[restartedMain] INFO  o.s.b.w.s.c.ServletWebServerApplicationContext - Root WebApplicationContext: initialization completed in 795 ms
13:24:12[restartedMain] INFO  o.s.b.a.s.s.UserDetailsServiceAutoConfiguration - 

Using generated security password: 734256cc-bf96-4954-8b88-0a21a985a19c

13:24:12[restartedMain] INFO  o.s.security.web.DefaultSecurityFilterChain - Will secure any request with [org.springframework.security.web.context.request.async.WebAsyncManagerIntegrationFilter@7e1cbb00, org.springframework.security.web.context.SecurityContextPersistenceFilter@12352269, org.springframework.security.web.header.HeaderWriterFilter@75526de1, org.springframework.security.web.csrf.CsrfFilter@7e9314d9, org.springframework.security.web.authentication.logout.LogoutFilter@1976481a, org.springframework.security.web.authentication.UsernamePasswordAuthenticationFilter@23ed4ec2, org.springframework.security.web.authentication.ui.DefaultLoginPageGeneratingFilter@cc21e1b, org.springframework.security.web.authentication.ui.DefaultLogoutPageGeneratingFilter@6e00b31e, org.springframework.security.web.authentication.www.BasicAuthenticationFilter@58fced84, org.springframework.security.web.savedrequest.RequestCacheAwareFilter@3cda5a6f, org.springframework.security.web.servletapi.SecurityContextHolderAwareRequestFilter@3b1064f0, org.springframework.security.web.authentication.AnonymousAuthenticationFilter@512fe397, org.springframework.security.web.session.SessionManagementFilter@488aecf4, org.springframework.security.web.access.ExceptionTranslationFilter@4bd27946, org.springframework.security.web.access.intercept.FilterSecurityInterceptor@6a27e21b]
13:24:12[restartedMain] INFO  o.s.b.d.autoconfigure.OptionalLiveReloadServer - LiveReload server is running on port 35729
13:24:12[restartedMain] INFO  org.apache.coyote.http11.Http11NioProtocol - Starting ProtocolHandler ["http-nio-8085"]
13:24:12[restartedMain] INFO  o.s.boot.web.embedded.tomcat.TomcatWebServer - Tomcat started on port(s): 8085 (http) with context path ''
13:24:12[restartedMain] INFO  xyz.soulspace.cinder.CinderApplication - Started CinderApplication in 1.602 seconds (JVM running for 2.151)
13:24:20[DefaultDispatcher-worker-2] INFO  xyz.soulspace.cinder.event.MessageEvents - {接收到其他消息} userId:3313445307,userNick:soulspace,msg:[mirai:source:[1997],[898098942]]#baidu
13:24:20[DefaultDispatcher-worker-2] INFO  x.s.cinder.command.everywhere.BaiDuNewsCommand - new Baidu news Command start
13:24:20[DefaultDispatcher-worker-2] INFO  xyz.soulspace.cinder.utils.RunPythonUtil - Run python Command : python3 data/python-files/BaiduHotSearch.py
13:24:21[DefaultDispatcher-worker-2] INFO  xyz.soulspace.cinder.utils.RunPythonUtil - [' 勇于自我革命赢得历史主动 ', ' 大范围雨雪天气进入最强盛时段 ', ' 讲好冬奥故事 共赴冰雪之约 ', ' 31省区市新增本土确诊25例 ', ' 男孩被狗咬死 警方:狗主人被刑拘 ', ' 春节高速公路免费通行时间公布 ', ' 俄乌同意继续遵守停火协议 ', ' 河南警方通报交警使用二维码收款 ', ' 北京累计确诊75例 疫情要跨春节了? ', ' 杭州一家六口提新车被隔离4S店 ', ' #微信朋友圈可以发20张图# ', ' 官方回应今年出入境政策是否会调整 ', ' 上海24日新增确诊系感染奥密克戎 ', ' 交通部警示通报上海地铁伤亡事故 ', ' 国足今日客场挑战日本队 ', ' 北欧疫情中逆势迎来“婴儿潮” ', ' 经济日报:喜见春运摩托大军减少 ', ' 杭州新增7例本土确诊 轨迹公布 ', ' 北京新增本土确诊5例 均住丰台区 ', ' 西藏籍运动员首次参加冬奥会 ', ' 上海新增本土确诊1例 ', ' 中纪委首提“斩断权力与资本勾连” ', ' 杭州人行程码带星 ', ' 美军设法打捞坠海战机 怕中国抢先 ', ' 何雄任郑州代理市长 ', ' 河北三河新增3例本土确诊 ', ' 小米股价再次跌破发行价 ', ' 胜利上诉后获得减刑 ', ' 新疆新增2例确诊5例无症状 ', ' 国足战日本23人大名单出炉 ']
13:24:21[DefaultDispatcher-worker-2] INFO  xyz.soulspace.cinder.utils.RunPythonUtil - null
13:24:21[DefaultDispatcher-worker-2] INFO  xyz.soulspace.cinder.service.HotPointNewsService - Get Baidu Hot Point in Service!
13:24:23[DefaultDispatcher-worker-2] INFO  x.s.cinder.command.everywhere.BaiDuNewsCommand - messageChain : [mirai:image:{B1C904DE-CAD3-A5C0-5270-A810F6FB3C36}.png]
13:24:23[DefaultDispatcher-worker-2] INFO  xyz.soulspace.cinder.event.MessageEvents - {接收到好友消息} userId:3313445307,userNick:soulspace,msg:[mirai:source:[1997],[898098942]]#baidu
13:24:32[DefaultDispatcher-worker-2] INFO  xyz.soulspace.cinder.event.MessageEvents - {接收到其他消息} userId:3313445307,userNick:soulspace,msg:[mirai:source:[2000],[463555732]]#weibo
13:24:32[DefaultDispatcher-worker-2] INFO  x.s.cinder.command.everywhere.WeiBoNewsCommand - new ZhiHu Command start
13:24:32[DefaultDispatcher-worker-2] INFO  xyz.soulspace.cinder.service.HotPointNewsService - data/python-files/WeiBoHotSearch.py
13:24:32[DefaultDispatcher-worker-2] INFO  xyz.soulspace.cinder.utils.RunPythonUtil - Run python Command : python3 data/python-files/WeiBoHotSearch.py
13:24:32[DefaultDispatcher-worker-2] INFO  xyz.soulspace.cinder.utils.RunPythonUtil - null
13:24:32[DefaultDispatcher-worker-2] INFO  xyz.soulspace.cinder.service.HotPointNewsService - Get WeiBo Hot Point in Service!
13:24:32[DefaultDispatcher-worker-2] ERROR xyz.soulspace.cinder.event.MessageEvents - RecallEvent Error:Exception in EventHandler
13:24:32[DefaultDispatcher-worker-2] INFO  xyz.soulspace.cinder.event.MessageEvents - {接收到好友消息} userId:3313445307,userNick:soulspace,msg:[mirai:source:[2000],[463555732]]#weibo
13:25:20[SpringApplicationShutdownHook] INFO  com.alibaba.druid.pool.DruidDataSource - {dataSource-0} closing ...
13:30:52[restartedMain] INFO  xyz.soulspace.cinder.CinderApplication - Starting CinderApplication using Java 11.0.13 on soulspace-Legion-Y7000P-2019 with PID 47837 (/home/soulspace/Documents/GitHub/LiSoulSpace/CinderBot/build/classes/java/main started by soulspace in /home/soulspace/Documents/GitHub/LiSoulSpace/CinderBot)
13:30:52[restartedMain] INFO  xyz.soulspace.cinder.CinderApplication - No active profile set, falling back to default profiles: default
13:30:52[restartedMain] INFO  o.s.b.d.env.DevToolsPropertyDefaultsPostProcessor - Devtools property defaults active! Set 'spring.devtools.add-properties' to 'false' to disable
13:30:52[restartedMain] INFO  o.s.b.d.env.DevToolsPropertyDefaultsPostProcessor - For additional web related logging consider setting the 'logging.level.web' property to 'DEBUG'
13:30:53[restartedMain] INFO  o.s.boot.web.embedded.tomcat.TomcatWebServer - Tomcat initialized with port(s): 8085 (http)
13:30:53[restartedMain] INFO  org.apache.coyote.http11.Http11NioProtocol - Initializing ProtocolHandler ["http-nio-8085"]
13:30:53[restartedMain] INFO  org.apache.catalina.core.StandardService - Starting service [Tomcat]
13:30:53[restartedMain] INFO  org.apache.catalina.core.StandardEngine - Starting Servlet engine: [Apache Tomcat/9.0.56]
13:30:53[restartedMain] INFO  o.a.c.core.ContainerBase.[Tomcat].[localhost].[/] - Initializing Spring embedded WebApplicationContext
13:30:53[restartedMain] INFO  o.s.b.w.s.c.ServletWebServerApplicationContext - Root WebApplicationContext: initialization completed in 1172 ms
13:30:54[restartedMain] INFO  o.s.b.a.s.s.UserDetailsServiceAutoConfiguration - 

Using generated security password: a63451ca-b86f-4e70-93aa-57827d67b17c

13:30:54[restartedMain] INFO  o.s.security.web.DefaultSecurityFilterChain - Will secure any request with [org.springframework.security.web.context.request.async.WebAsyncManagerIntegrationFilter@ec0f067, org.springframework.security.web.context.SecurityContextPersistenceFilter@f7d2cae, org.springframework.security.web.header.HeaderWriterFilter@3067437, org.springframework.security.web.csrf.CsrfFilter@18b53ba4, org.springframework.security.web.authentication.logout.LogoutFilter@7184cffb, org.springframework.security.web.authentication.UsernamePasswordAuthenticationFilter@704f0bbb, org.springframework.security.web.authentication.ui.DefaultLoginPageGeneratingFilter@4d54209d, org.springframework.security.web.authentication.ui.DefaultLogoutPageGeneratingFilter@145d7eab, org.springframework.security.web.authentication.www.BasicAuthenticationFilter@2558c1e0, org.springframework.security.web.savedrequest.RequestCacheAwareFilter@22242938, org.springframework.security.web.servletapi.SecurityContextHolderAwareRequestFilter@4fa6c2d4, org.springframework.security.web.authentication.AnonymousAuthenticationFilter@7769fa01, org.springframework.security.web.session.SessionManagementFilter@34d2aefb, org.springframework.security.web.access.ExceptionTranslationFilter@2aef1a02, org.springframework.security.web.access.intercept.FilterSecurityInterceptor@57fbd94]
13:30:54[restartedMain] INFO  o.s.b.d.autoconfigure.OptionalLiveReloadServer - LiveReload server is running on port 35729
13:30:54[restartedMain] INFO  org.apache.coyote.http11.Http11NioProtocol - Starting ProtocolHandler ["http-nio-8085"]
13:30:54[restartedMain] INFO  o.s.boot.web.embedded.tomcat.TomcatWebServer - Tomcat started on port(s): 8085 (http) with context path ''
13:30:54[restartedMain] INFO  xyz.soulspace.cinder.CinderApplication - Started CinderApplication in 2.337 seconds (JVM running for 3.167)
13:31:04[SpringApplicationShutdownHook] INFO  com.alibaba.druid.pool.DruidDataSource - {dataSource-0} closing ...
13:31:08[restartedMain] INFO  xyz.soulspace.cinder.CinderApplication - Starting CinderApplication using Java 11.0.13 on soulspace-Legion-Y7000P-2019 with PID 48261 (/home/soulspace/Documents/GitHub/LiSoulSpace/CinderBot/build/classes/java/main started by soulspace in /home/soulspace/Documents/GitHub/LiSoulSpace/CinderBot)
13:31:08[restartedMain] INFO  xyz.soulspace.cinder.CinderApplication - No active profile set, falling back to default profiles: default
13:31:08[restartedMain] INFO  o.s.b.d.env.DevToolsPropertyDefaultsPostProcessor - Devtools property defaults active! Set 'spring.devtools.add-properties' to 'false' to disable
13:31:08[restartedMain] INFO  o.s.b.d.env.DevToolsPropertyDefaultsPostProcessor - For additional web related logging consider setting the 'logging.level.web' property to 'DEBUG'
13:31:09[restartedMain] INFO  o.s.boot.web.embedded.tomcat.TomcatWebServer - Tomcat initialized with port(s): 8085 (http)
13:31:09[restartedMain] INFO  org.apache.coyote.http11.Http11NioProtocol - Initializing ProtocolHandler ["http-nio-8085"]
13:31:09[restartedMain] INFO  org.apache.catalina.core.StandardService - Starting service [Tomcat]
13:31:09[restartedMain] INFO  org.apache.catalina.core.StandardEngine - Starting Servlet engine: [Apache Tomcat/9.0.56]
13:31:09[restartedMain] INFO  o.a.c.core.ContainerBase.[Tomcat].[localhost].[/] - Initializing Spring embedded WebApplicationContext
13:31:09[restartedMain] INFO  o.s.b.w.s.c.ServletWebServerApplicationContext - Root WebApplicationContext: initialization completed in 1177 ms
13:31:10[restartedMain] INFO  o.s.b.a.s.s.UserDetailsServiceAutoConfiguration - 

Using generated security password: a339f17d-a70f-4265-9812-69df33f3991a

13:31:10[restartedMain] INFO  o.s.security.web.DefaultSecurityFilterChain - Will secure any request with [org.springframework.security.web.context.request.async.WebAsyncManagerIntegrationFilter@63975dcc, org.springframework.security.web.context.SecurityContextPersistenceFilter@50e965ed, org.springframework.security.web.header.HeaderWriterFilter@59c66d2e, org.springframework.security.web.csrf.CsrfFilter@15bd73fe, org.springframework.security.web.authentication.logout.LogoutFilter@43fb98cb, org.springframework.security.web.authentication.UsernamePasswordAuthenticationFilter@ba86fb9, org.springframework.security.web.authentication.ui.DefaultLoginPageGeneratingFilter@4e713a6e, org.springframework.security.web.authentication.ui.DefaultLogoutPageGeneratingFilter@25a9cfc0, org.springframework.security.web.authentication.www.BasicAuthenticationFilter@305aeee5, org.springframework.security.web.savedrequest.RequestCacheAwareFilter@2c2f668b, org.springframework.security.web.servletapi.SecurityContextHolderAwareRequestFilter@70dbc39d, org.springframework.security.web.authentication.AnonymousAuthenticationFilter@42632056, org.springframework.security.web.session.SessionManagementFilter@661eb073, org.springframework.security.web.access.ExceptionTranslationFilter@33e99df5, org.springframework.security.web.access.intercept.FilterSecurityInterceptor@6a5dc683]
13:31:10[restartedMain] INFO  o.s.b.d.autoconfigure.OptionalLiveReloadServer - LiveReload server is running on port 35729
13:31:10[restartedMain] INFO  org.apache.coyote.http11.Http11NioProtocol - Starting ProtocolHandler ["http-nio-8085"]
13:31:10[restartedMain] INFO  o.s.boot.web.embedded.tomcat.TomcatWebServer - Tomcat started on port(s): 8085 (http) with context path ''
13:31:10[restartedMain] INFO  xyz.soulspace.cinder.CinderApplication - Started CinderApplication in 2.347 seconds (JVM running for 3.199)
13:31:29[DefaultDispatcher-worker-3] INFO  xyz.soulspace.cinder.event.MessageEvents - {接收到其他消息} userId:3313445307,userNick:soulspace,msg:[mirai:source:[2030],[1839404636]]#weibo
13:31:29[DefaultDispatcher-worker-3] INFO  x.s.cinder.command.everywhere.WeiBoNewsCommand - new ZhiHu Command start
13:31:29[DefaultDispatcher-worker-3] INFO  xyz.soulspace.cinder.service.HotPointNewsService - data/python-files/WeiboHotSearch.py
13:31:29[DefaultDispatcher-worker-3] INFO  xyz.soulspace.cinder.utils.RunPythonUtil - Run python Command : python3 data/python-files/WeiboHotSearch.py
13:31:30[DefaultDispatcher-worker-3] INFO  xyz.soulspace.cinder.utils.RunPythonUtil - null
13:31:30[DefaultDispatcher-worker-3] INFO  xyz.soulspace.cinder.service.HotPointNewsService - Get WeiBo Hot Point in Service!
13:31:32[DefaultDispatcher-worker-3] INFO  x.s.cinder.command.everywhere.WeiBoNewsCommand - messageChain : [mirai:image:{639726F0-F173-DD93-76BF-18114340BB92}.png]
13:31:34[DefaultDispatcher-worker-7] INFO  xyz.soulspace.cinder.event.MessageEvents - {接收到好友消息} userId:3313445307,userNick:soulspace,msg:[mirai:source:[2030],[1839404636]]#weibo
13:42:26[SpringApplicationShutdownHook] INFO  com.alibaba.druid.pool.DruidDataSource - {dataSource-0} closing ...
13:42:30[restartedMain] INFO  xyz.soulspace.cinder.CinderApplication - Starting CinderApplication using Java 11.0.13 on soulspace-Legion-Y7000P-2019 with PID 55624 (/home/soulspace/Documents/GitHub/LiSoulSpace/CinderBot/build/classes/java/main started by soulspace in /home/soulspace/Documents/GitHub/LiSoulSpace/CinderBot)
13:42:30[restartedMain] INFO  xyz.soulspace.cinder.CinderApplication - No active profile set, falling back to default profiles: default
13:42:30[restartedMain] INFO  o.s.b.d.env.DevToolsPropertyDefaultsPostProcessor - Devtools property defaults active! Set 'spring.devtools.add-properties' to 'false' to disable
13:42:30[restartedMain] INFO  o.s.b.d.env.DevToolsPropertyDefaultsPostProcessor - For additional web related logging consider setting the 'logging.level.web' property to 'DEBUG'
13:42:30[restartedMain] INFO  o.s.boot.web.embedded.tomcat.TomcatWebServer - Tomcat initialized with port(s): 8085 (http)
13:42:30[restartedMain] INFO  org.apache.coyote.http11.Http11NioProtocol - Initializing ProtocolHandler ["http-nio-8085"]
13:42:30[restartedMain] INFO  org.apache.catalina.core.StandardService - Starting service [Tomcat]
13:42:30[restartedMain] INFO  org.apache.catalina.core.StandardEngine - Starting Servlet engine: [Apache Tomcat/9.0.56]
13:42:30[restartedMain] INFO  o.a.c.core.ContainerBase.[Tomcat].[localhost].[/] - Initializing Spring embedded WebApplicationContext
13:42:30[restartedMain] INFO  o.s.b.w.s.c.ServletWebServerApplicationContext - Root WebApplicationContext: initialization completed in 785 ms
13:42:31[restartedMain] INFO  o.s.b.a.s.s.UserDetailsServiceAutoConfiguration - 

Using generated security password: ab891209-0e93-40b3-b322-e6fa6a5d252e

13:42:31[restartedMain] INFO  o.s.security.web.DefaultSecurityFilterChain - Will secure any request with [org.springframework.security.web.context.request.async.WebAsyncManagerIntegrationFilter@41c1c567, org.springframework.security.web.context.SecurityContextPersistenceFilter@6b34392d, org.springframework.security.web.header.HeaderWriterFilter@1eb47d09, org.springframework.security.web.csrf.CsrfFilter@368fe517, org.springframework.security.web.authentication.logout.LogoutFilter@10886b5d, org.springframework.security.web.authentication.UsernamePasswordAuthenticationFilter@3773c278, org.springframework.security.web.authentication.ui.DefaultLoginPageGeneratingFilter@4424fde4, org.springframework.security.web.authentication.ui.DefaultLogoutPageGeneratingFilter@4ed8e437, org.springframework.security.web.authentication.www.BasicAuthenticationFilter@3793f7f0, org.springframework.security.web.savedrequest.RequestCacheAwareFilter@2d2b5f1e, org.springframework.security.web.servletapi.SecurityContextHolderAwareRequestFilter@51d4cb62, org.springframework.security.web.authentication.AnonymousAuthenticationFilter@665ca66b, org.springframework.security.web.session.SessionManagementFilter@6d5da847, org.springframework.security.web.access.ExceptionTranslationFilter@713a877f, org.springframework.security.web.access.intercept.FilterSecurityInterceptor@37dd949e]
13:42:31[restartedMain] INFO  o.s.b.d.autoconfigure.OptionalLiveReloadServer - LiveReload server is running on port 35729
13:42:31[restartedMain] INFO  org.apache.coyote.http11.Http11NioProtocol - Starting ProtocolHandler ["http-nio-8085"]
13:42:31[restartedMain] INFO  o.s.boot.web.embedded.tomcat.TomcatWebServer - Tomcat started on port(s): 8085 (http) with context path ''
13:42:31[restartedMain] INFO  xyz.soulspace.cinder.CinderApplication - Started CinderApplication in 1.596 seconds (JVM running for 2.391)
13:43:20[DefaultDispatcher-worker-3] INFO  xyz.soulspace.cinder.event.MessageEvents - {接收到其他消息} userId:3313445307,userNick:soulspace,msg:[mirai:source:[2066],[327809675]]？
13:43:20[DefaultDispatcher-worker-3] INFO  xyz.soulspace.cinder.event.MessageEvents - {接收到好友消息} userId:3313445307,userNick:soulspace,msg:[mirai:source:[2066],[327809675]]？
13:44:02[SpringApplicationShutdownHook] INFO  com.alibaba.druid.pool.DruidDataSource - {dataSource-0} closing ...
13:44:05[restartedMain] INFO  xyz.soulspace.cinder.CinderApplication - Starting CinderApplication using Java 11.0.13 on soulspace-Legion-Y7000P-2019 with PID 56893 (/home/soulspace/Documents/GitHub/LiSoulSpace/CinderBot/build/classes/java/main started by soulspace in /home/soulspace/Documents/GitHub/LiSoulSpace/CinderBot)
13:44:05[restartedMain] INFO  xyz.soulspace.cinder.CinderApplication - No active profile set, falling back to default profiles: default
13:44:05[restartedMain] INFO  o.s.b.d.env.DevToolsPropertyDefaultsPostProcessor - Devtools property defaults active! Set 'spring.devtools.add-properties' to 'false' to disable
13:44:05[restartedMain] INFO  o.s.b.d.env.DevToolsPropertyDefaultsPostProcessor - For additional web related logging consider setting the 'logging.level.web' property to 'DEBUG'
13:44:06[restartedMain] INFO  o.s.boot.web.embedded.tomcat.TomcatWebServer - Tomcat initialized with port(s): 8085 (http)
13:44:06[restartedMain] INFO  org.apache.coyote.http11.Http11NioProtocol - Initializing ProtocolHandler ["http-nio-8085"]
13:44:06[restartedMain] INFO  org.apache.catalina.core.StandardService - Starting service [Tomcat]
13:44:06[restartedMain] INFO  org.apache.catalina.core.StandardEngine - Starting Servlet engine: [Apache Tomcat/9.0.56]
13:44:06[restartedMain] INFO  o.a.c.core.ContainerBase.[Tomcat].[localhost].[/] - Initializing Spring embedded WebApplicationContext
13:44:06[restartedMain] INFO  o.s.b.w.s.c.ServletWebServerApplicationContext - Root WebApplicationContext: initialization completed in 776 ms
13:44:06[restartedMain] INFO  o.s.b.a.s.s.UserDetailsServiceAutoConfiguration - 

Using generated security password: dc3f3799-306f-42fa-ba70-3eb0acf7add1

13:44:07[restartedMain] INFO  o.s.security.web.DefaultSecurityFilterChain - Will secure any request with [org.springframework.security.web.context.request.async.WebAsyncManagerIntegrationFilter@4a864ddf, org.springframework.security.web.context.SecurityContextPersistenceFilter@7806ee47, org.springframework.security.web.header.HeaderWriterFilter@23fb564a, org.springframework.security.web.csrf.CsrfFilter@2624921a, org.springframework.security.web.authentication.logout.LogoutFilter@50c35d3c, org.springframework.security.web.authentication.UsernamePasswordAuthenticationFilter@d3ed9a9, org.springframework.security.web.authentication.ui.DefaultLoginPageGeneratingFilter@57971806, org.springframework.security.web.authentication.ui.DefaultLogoutPageGeneratingFilter@3253b7e8, org.springframework.security.web.authentication.www.BasicAuthenticationFilter@46363318, org.springframework.security.web.savedrequest.RequestCacheAwareFilter@2cc178ad, org.springframework.security.web.servletapi.SecurityContextHolderAwareRequestFilter@18ca8b41, org.springframework.security.web.authentication.AnonymousAuthenticationFilter@458afc49, org.springframework.security.web.session.SessionManagementFilter@5f83d5ef, org.springframework.security.web.access.ExceptionTranslationFilter@75afb24f, org.springframework.security.web.access.intercept.FilterSecurityInterceptor@41f3dd6c]
13:44:07[restartedMain] INFO  o.s.b.d.autoconfigure.OptionalLiveReloadServer - LiveReload server is running on port 35729
13:44:07[restartedMain] INFO  org.apache.coyote.http11.Http11NioProtocol - Starting ProtocolHandler ["http-nio-8085"]
13:44:07[restartedMain] INFO  o.s.boot.web.embedded.tomcat.TomcatWebServer - Tomcat started on port(s): 8085 (http) with context path ''
13:44:07[restartedMain] INFO  xyz.soulspace.cinder.CinderApplication - Started CinderApplication in 1.57 seconds (JVM running for 2.443)
13:44:32[SpringApplicationShutdownHook] INFO  com.alibaba.druid.pool.DruidDataSource - {dataSource-0} closing ...
13:44:34[restartedMain] INFO  xyz.soulspace.cinder.CinderApplication - Starting CinderApplication using Java 11.0.13 on soulspace-Legion-Y7000P-2019 with PID 57448 (/home/soulspace/Documents/GitHub/LiSoulSpace/CinderBot/build/classes/java/main started by soulspace in /home/soulspace/Documents/GitHub/LiSoulSpace/CinderBot)
13:44:34[restartedMain] INFO  xyz.soulspace.cinder.CinderApplication - No active profile set, falling back to default profiles: default
13:44:34[restartedMain] INFO  o.s.b.d.env.DevToolsPropertyDefaultsPostProcessor - Devtools property defaults active! Set 'spring.devtools.add-properties' to 'false' to disable
13:44:34[restartedMain] INFO  o.s.b.d.env.DevToolsPropertyDefaultsPostProcessor - For additional web related logging consider setting the 'logging.level.web' property to 'DEBUG'
13:44:35[restartedMain] INFO  o.s.boot.web.embedded.tomcat.TomcatWebServer - Tomcat initialized with port(s): 8085 (http)
13:44:35[restartedMain] INFO  org.apache.coyote.http11.Http11NioProtocol - Initializing ProtocolHandler ["http-nio-8085"]
13:44:35[restartedMain] INFO  org.apache.catalina.core.StandardService - Starting service [Tomcat]
13:44:35[restartedMain] INFO  org.apache.catalina.core.StandardEngine - Starting Servlet engine: [Apache Tomcat/9.0.56]
13:44:35[restartedMain] INFO  o.a.c.core.ContainerBase.[Tomcat].[localhost].[/] - Initializing Spring embedded WebApplicationContext
13:44:35[restartedMain] INFO  o.s.b.w.s.c.ServletWebServerApplicationContext - Root WebApplicationContext: initialization completed in 837 ms
13:44:36[restartedMain] INFO  o.s.b.a.s.s.UserDetailsServiceAutoConfiguration - 

Using generated security password: 1def93b8-0f30-4868-8215-c1b39a01e33d

13:44:36[restartedMain] INFO  o.s.security.web.DefaultSecurityFilterChain - Will secure any request with [org.springframework.security.web.context.request.async.WebAsyncManagerIntegrationFilter@640090c3, org.springframework.security.web.context.SecurityContextPersistenceFilter@591ee226, org.springframework.security.web.header.HeaderWriterFilter@554c7c32, org.springframework.security.web.csrf.CsrfFilter@12e8d9a9, org.springframework.security.web.authentication.logout.LogoutFilter@20f0eed2, org.springframework.security.web.authentication.UsernamePasswordAuthenticationFilter@22391e25, org.springframework.security.web.authentication.ui.DefaultLoginPageGeneratingFilter@746e6460, org.springframework.security.web.authentication.ui.DefaultLogoutPageGeneratingFilter@2f160d10, org.springframework.security.web.authentication.www.BasicAuthenticationFilter@571b29e1, org.springframework.security.web.savedrequest.RequestCacheAwareFilter@9e5e31c, org.springframework.security.web.servletapi.SecurityContextHolderAwareRequestFilter@4bd27946, org.springframework.security.web.authentication.AnonymousAuthenticationFilter@21cc7d32, org.springframework.security.web.session.SessionManagementFilter@40df211b, org.springframework.security.web.access.ExceptionTranslationFilter@6521dc88, org.springframework.security.web.access.intercept.FilterSecurityInterceptor@660aa87d]
13:44:36[restartedMain] INFO  o.s.b.d.autoconfigure.OptionalLiveReloadServer - LiveReload server is running on port 35729
13:44:36[restartedMain] INFO  org.apache.coyote.http11.Http11NioProtocol - Starting ProtocolHandler ["http-nio-8085"]
13:44:36[restartedMain] INFO  o.s.boot.web.embedded.tomcat.TomcatWebServer - Tomcat started on port(s): 8085 (http) with context path ''
13:44:36[restartedMain] INFO  xyz.soulspace.cinder.CinderApplication - Started CinderApplication in 1.62 seconds (JVM running for 2.411)
13:44:41[DefaultDispatcher-worker-5] INFO  xyz.soulspace.cinder.event.NudgeEvents - 戳一戳事件,来自:3313445307(soulspace),目标:2689547052(预予余鱼)
13:44:54[SpringApplicationShutdownHook] INFO  com.alibaba.druid.pool.DruidDataSource - {dataSource-0} closing ...
